<?xml version="1.0" encoding="UTF-8" ?>
<testsuites>
  <testsuite errors="0" failures="1" name="StringTesterWithFixtures" package="" tests="3" time="0.313">
  
    <properties>
[...]
</properties>

      <testcase classname="StringTesterWithFixtures" name="testStringPool" time="0.0"></testcase>

      <testcase classname="StringTesterWithFixtures" name="testNewString" time="0.016">
    
      <failure type="junit.framework.AssertionFailedError">junit.framework.AssertionFailedError
	at StringTesterWithFixtures.testNewString(StringTesterWithFixtures.java:25)
	at sun.reflect.NativeMethodAccessorImpl.invoke0(Native Method)
	at sun.reflect.NativeMethodAccessorImpl.invoke(NativeMethodAccessorImpl.java:39)
	at sun.reflect.DelegatingMethodAccessorImpl.invoke(DelegatingMethodAccessorImpl.java:25)
</failure>

      </testcase>

      <testcase classname="StringTesterWithFixtures" name="testEquals" time="0.0"></testcase>

      <system-out></system-out>

      <system-err></system-err>

  </testsuite>
</testsuites>
