<?xml version="1.0" encoding="UTF-8" ?>
<testsuites>
  <testsuite errors="0" failures="1" id="0" name="MyJUnitTestWithFixtures" package="" tests="3" time="0.438">
  
    <properties>
[...]
</properties>

      <testcase classname="MyJUnitTestWithFixtures" name="testButtonLabel" time="0.344"></testcase>

      <testcase classname="MyJUnitTestWithFixtures" name="testButtonNull" time="0.0"></testcase>

      <testcase classname="MyJUnitTestWithFixtures" name="testButtonNotNull" time="0.031">
    
      <failure type="junit.framework.AssertionFailedError">junit.framework.AssertionFailedError
	at MyJUnitTestWithFixtures.testButtonNotNull(MyJUnitTestWithFixtures.java:27)
</failure>

      </testcase>

      <system-out></system-out>

      <system-err></system-err>

  </testsuite>
</testsuites>
